{
  "/app/src/stores/auth.js": {
    "path": "/app/src/stores/auth.js",
    "statementMap": {
      "0": { "start": { "line": 5, "column": 27 }, "end": { "line": 76, "column": null } },
      "1": { "start": { "line": 7, "column": 15 }, "end": { "line": 7, "column": null } },
      "2": { "start": { "line": 8, "column": 14 }, "end": { "line": 8, "column": null } },
      "3": { "start": { "line": 11, "column": 25 }, "end": { "line": 11, "column": null } },
      "4": { "start": { "line": 11, "column": 41 }, "end": { "line": 11, "column": 54 } },
      "5": { "start": { "line": 12, "column": 17 }, "end": { "line": 12, "column": null } },
      "6": { "start": { "line": 12, "column": 33 }, "end": { "line": 12, "column": 61 } },
      "7": { "start": { "line": 13, "column": 22 }, "end": { "line": 13, "column": null } },
      "8": { "start": { "line": 13, "column": 38 }, "end": { "line": 13, "column": 71 } },
      "9": { "start": { "line": 17, "column": 21 }, "end": { "line": 17, "column": null } },
      "10": { "start": { "line": 18, "column": 4 }, "end": { "line": 18, "column": null } },
      "11": { "start": { "line": 19, "column": 4 }, "end": { "line": 19, "column": null } },
      "12": { "start": { "line": 23, "column": 21 }, "end": { "line": 28, "column": null } },
      "13": { "start": { "line": 29, "column": 4 }, "end": { "line": 29, "column": null } },
      "14": { "start": { "line": 30, "column": 4 }, "end": { "line": 30, "column": null } },
      "15": { "start": { "line": 34, "column": 21 }, "end": { "line": 34, "column": null } },
      "16": { "start": { "line": 35, "column": 4 }, "end": { "line": 35, "column": null } },
      "17": { "start": { "line": 36, "column": 4 }, "end": { "line": 36, "column": null } },
      "18": { "start": { "line": 37, "column": 4 }, "end": { "line": 37, "column": null } },
      "19": { "start": { "line": 41, "column": 4 }, "end": { "line": 45, "column": null } },
      "20": { "start": { "line": 42, "column": 6 }, "end": { "line": 42, "column": null } },
      "21": { "start": { "line": 46, "column": 4 }, "end": { "line": 46, "column": null } },
      "22": { "start": { "line": 50, "column": 4 }, "end": { "line": 50, "column": null } },
      "23": { "start": { "line": 51, "column": 4 }, "end": { "line": 51, "column": null } },
      "24": { "start": { "line": 52, "column": 4 }, "end": { "line": 52, "column": null } },
      "25": { "start": { "line": 53, "column": 4 }, "end": { "line": 53, "column": null } },
      "26": { "start": { "line": 57, "column": 4 }, "end": { "line": 57, "column": null } },
      "27": { "start": { "line": 58, "column": 4 }, "end": { "line": 58, "column": null } },
      "28": { "start": { "line": 59, "column": 4 }, "end": { "line": 59, "column": null } },
      "29": { "start": { "line": 60, "column": 4 }, "end": { "line": 60, "column": null } },
      "30": { "start": { "line": 63, "column": 2 }, "end": { "line": 75, "column": null } }
    },
    "fnMap": {
      "0": {
        "name": "(anonymous_0)",
        "decl": { "start": { "line": 5, "column": 48 }, "end": { "line": 5, "column": 49 } },
        "loc": { "start": { "line": 5, "column": 54 }, "end": { "line": 76, "column": 1 } },
        "line": 5
      },
      "1": {
        "name": "(anonymous_1)",
        "decl": { "start": { "line": 11, "column": 35 }, "end": { "line": 11, "column": 36 } },
        "loc": { "start": { "line": 11, "column": 41 }, "end": { "line": 11, "column": 54 } },
        "line": 11
      },
      "2": {
        "name": "(anonymous_2)",
        "decl": { "start": { "line": 12, "column": 27 }, "end": { "line": 12, "column": 28 } },
        "loc": { "start": { "line": 12, "column": 33 }, "end": { "line": 12, "column": 61 } },
        "line": 12
      },
      "3": {
        "name": "(anonymous_3)",
        "decl": { "start": { "line": 13, "column": 32 }, "end": { "line": 13, "column": 33 } },
        "loc": { "start": { "line": 13, "column": 38 }, "end": { "line": 13, "column": 71 } },
        "line": 13
      },
      "4": {
        "name": "login",
        "decl": { "start": { "line": 16, "column": 17 }, "end": { "line": 16, "column": 22 } },
        "loc": { "start": { "line": 16, "column": 40 }, "end": { "line": 20, "column": null } },
        "line": 16
      },
      "5": {
        "name": "register",
        "decl": { "start": { "line": 22, "column": 17 }, "end": { "line": 22, "column": 25 } },
        "loc": { "start": { "line": 22, "column": 72 }, "end": { "line": 31, "column": null } },
        "line": 22
      },
      "6": {
        "name": "fetchProfile",
        "decl": { "start": { "line": 33, "column": 17 }, "end": { "line": 33, "column": 29 } },
        "loc": { "start": { "line": 33, "column": 32 }, "end": { "line": 38, "column": null } },
        "line": 33
      },
      "7": {
        "name": "logout",
        "decl": { "start": { "line": 40, "column": 17 }, "end": { "line": 40, "column": 23 } },
        "loc": { "start": { "line": 40, "column": 26 }, "end": { "line": 47, "column": null } },
        "line": 40
      },
      "8": {
        "name": "setSession",
        "decl": { "start": { "line": 49, "column": 11 }, "end": { "line": 49, "column": 21 } },
        "loc": { "start": { "line": 49, "column": 28 }, "end": { "line": 54, "column": null } },
        "line": 49
      },
      "9": {
        "name": "clear",
        "decl": { "start": { "line": 56, "column": 11 }, "end": { "line": 56, "column": 16 } },
        "loc": { "start": { "line": 56, "column": 19 }, "end": { "line": 61, "column": null } },
        "line": 56
      }
    },
    "branchMap": {
      "0": {
        "loc": { "start": { "line": 7, "column": 20 }, "end": { "line": 7, "column": 57 } },
        "type": "binary-expr",
        "locations": [
          { "start": { "line": 7, "column": 20 }, "end": { "line": 7, "column": 49 } },
          { "start": { "line": 7, "column": 53 }, "end": { "line": 7, "column": 57 } }
        ],
        "line": 7
      },
      "1": {
        "loc": { "start": { "line": 8, "column": 30 }, "end": { "line": 8, "column": 68 } },
        "type": "binary-expr",
        "locations": [
          { "start": { "line": 8, "column": 30 }, "end": { "line": 8, "column": 58 } },
          { "start": { "line": 8, "column": 62 }, "end": { "line": 8, "column": 68 } }
        ],
        "line": 8
      }
    },
    "s": {
      "0": 1,
      "1": 8,
      "2": 8,
      "3": 8,
      "4": 1,
      "5": 8,
      "6": 1,
      "7": 8,
      "8": 1,
      "9": 1,
      "10": 1,
      "11": 1,
      "12": 1,
      "13": 1,
      "14": 1,
      "15": 1,
      "16": 1,
      "17": 1,
      "18": 1,
      "19": 2,
      "20": 2,
      "21": 2,
      "22": 3,
      "23": 3,
      "24": 3,
      "25": 3,
      "26": 3,
      "27": 3,
      "28": 3,
      "29": 3,
      "30": 8
    },
    "f": { "0": 8, "1": 1, "2": 1, "3": 1, "4": 1, "5": 1, "6": 1, "7": 2, "8": 3, "9": 3 },
    "b": { "0": [8, 8], "1": [8, 8] },
    "meta": {
      "lastBranch": 2,
      "lastFunction": 10,
      "lastStatement": 31,
      "seen": {
        "s:5:27:76:Infinity": 0,
        "f:5:48:5:49": 0,
        "s:7:15:7:Infinity": 1,
        "b:7:20:7:49:7:53:7:57": 0,
        "s:8:14:8:Infinity": 2,
        "b:8:30:8:58:8:62:8:68": 1,
        "s:11:25:11:Infinity": 3,
        "f:11:35:11:36": 1,
        "s:11:41:11:54": 4,
        "s:12:17:12:Infinity": 5,
        "f:12:27:12:28": 2,
        "s:12:33:12:61": 6,
        "s:13:22:13:Infinity": 7,
        "f:13:32:13:33": 3,
        "s:13:38:13:71": 8,
        "f:16:17:16:22": 4,
        "s:17:21:17:Infinity": 9,
        "s:18:4:18:Infinity": 10,
        "s:19:4:19:Infinity": 11,
        "f:22:17:22:25": 5,
        "s:23:21:28:Infinity": 12,
        "s:29:4:29:Infinity": 13,
        "s:30:4:30:Infinity": 14,
        "f:33:17:33:29": 6,
        "s:34:21:34:Infinity": 15,
        "s:35:4:35:Infinity": 16,
        "s:36:4:36:Infinity": 17,
        "s:37:4:37:Infinity": 18,
        "f:40:17:40:23": 7,
        "s:41:4:45:Infinity": 19,
        "s:42:6:42:Infinity": 20,
        "s:46:4:46:Infinity": 21,
        "f:49:11:49:21": 8,
        "s:50:4:50:Infinity": 22,
        "s:51:4:51:Infinity": 23,
        "s:52:4:52:Infinity": 24,
        "s:53:4:53:Infinity": 25,
        "f:56:11:56:16": 9,
        "s:57:4:57:Infinity": 26,
        "s:58:4:58:Infinity": 27,
        "s:59:4:59:Infinity": 28,
        "s:60:4:60:Infinity": 29,
        "s:63:2:75:Infinity": 30
      }
    }
  }
}
